<?xml version="1.0" encoding="UTF-8"?>
<testng-results skipped="0" failed="0" ignored="0" total="1" passed="1">
  <reporter-output>
  </reporter-output>
  <suite name="Default suite" duration-ms="98666" started-at="2020-09-11T08:20:59Z" finished-at="2020-09-11T08:22:37Z">
    <groups>
    </groups>
    <test name="Default test" duration-ms="98666" started-at="2020-09-11T08:20:59Z" finished-at="2020-09-11T08:22:37Z">
      <class name="testpackage.Testclass">
        <test-method status="PASS" signature="m1()[pri:0, instance:testpackage.Testclass@76a3e297]" name="m1" duration-ms="98624" started-at="2020-09-11T08:20:59Z" finished-at="2020-09-11T08:22:37Z">
          <reporter-output>
          </reporter-output>
        </test-method> <!-- m1 -->
      </class> <!-- testpackage.Testclass -->
    </test> <!-- Default test -->
  </suite> <!-- Default suite -->
</testng-results>
